{"/Users/jetza/Documents/Dev/bootcamp/ejercicios/javascript/cajero/cajero.js": {"path":"/Users/jetza/Documents/Dev/bootcamp/ejercicios/javascript/cajero/cajero.js","statementMap":{"0":{"start":{"line":8,"column":15},"end":{"line":44,"column":1}},"1":{"start":{"line":10,"column":4},"end":{"line":10,"column":51}},"2":{"start":{"line":13,"column":4},"end":{"line":43,"column":5}},"3":{"start":{"line":16,"column":12},"end":{"line":16,"column":27}},"4":{"start":{"line":17,"column":12},"end":{"line":17,"column":17}},"5":{"start":{"line":24,"column":27},"end":{"line":24,"column":57}},"6":{"start":{"line":25,"column":12},"end":{"line":25,"column":55}},"7":{"start":{"line":27,"column":12},"end":{"line":27,"column":17}},"8":{"start":{"line":31,"column":27},"end":{"line":31,"column":57}},"9":{"start":{"line":32,"column":12},"end":{"line":32,"column":54}},"10":{"start":{"line":34,"column":12},"end":{"line":34,"column":17}},"11":{"start":{"line":37,"column":12},"end":{"line":37,"column":26}},"12":{"start":{"line":38,"column":12},"end":{"line":38,"column":17}},"13":{"start":{"line":41,"column":12},"end":{"line":41,"column":94}},"14":{"start":{"line":42,"column":12},"end":{"line":42,"column":18}},"15":{"start":{"line":49,"column":13},"end":{"line":49,"column":25}},"16":{"start":{"line":51,"column":28},"end":{"line":62,"column":1}},"17":{"start":{"line":52,"column":4},"end":{"line":61,"column":5}},"18":{"start":{"line":53,"column":27},"end":{"line":53,"column":57}},"19":{"start":{"line":54,"column":27},"end":{"line":54,"column":51}},"20":{"start":{"line":55,"column":20},"end":{"line":55,"column":40}},"21":{"start":{"line":57,"column":6},"end":{"line":57,"column":43}},"22":{"start":{"line":58,"column":6},"end":{"line":58,"column":19}},"23":{"start":{"line":60,"column":6},"end":{"line":60,"column":52}},"24":{"start":{"line":64,"column":30},"end":{"line":86,"column":1}},"25":{"start":{"line":65,"column":2},"end":{"line":85,"column":3}},"26":{"start":{"line":66,"column":25},"end":{"line":66,"column":55}},"27":{"start":{"line":67,"column":25},"end":{"line":67,"column":49}},"28":{"start":{"line":68,"column":18},"end":{"line":68,"column":38}},"29":{"start":{"line":69,"column":4},"end":{"line":75,"column":5}},"30":{"start":{"line":70,"column":23},"end":{"line":70,"column":47}},"31":{"start":{"line":71,"column":19},"end":{"line":71,"column":31}},"32":{"start":{"line":73,"column":23},"end":{"line":73,"column":47}},"33":{"start":{"line":74,"column":19},"end":{"line":74,"column":29}},"34":{"start":{"line":76,"column":4},"end":{"line":76,"column":49}},"35":{"start":{"line":77,"column":4},"end":{"line":77,"column":38}},"36":{"start":{"line":78,"column":4},"end":{"line":78,"column":64}},"37":{"start":{"line":79,"column":4},"end":{"line":81,"column":7}},"38":{"start":{"line":80,"column":6},"end":{"line":80,"column":25}},"39":{"start":{"line":80,"column":15},"end":{"line":80,"column":25}},"40":{"start":{"line":84,"column":4},"end":{"line":84,"column":50}},"41":{"start":{"line":88,"column":27},"end":{"line":95,"column":1}},"42":{"start":{"line":89,"column":2},"end":{"line":91,"column":5}},"43":{"start":{"line":90,"column":4},"end":{"line":90,"column":23}},"44":{"start":{"line":90,"column":13},"end":{"line":90,"column":23}},"45":{"start":{"line":92,"column":10},"end":{"line":92,"column":32}},"46":{"start":{"line":93,"column":2},"end":{"line":93,"column":38}},"47":{"start":{"line":94,"column":2},"end":{"line":94,"column":11}},"48":{"start":{"line":100,"column":2},"end":{"line":100,"column":45}},"49":{"start":{"line":101,"column":2},"end":{"line":101,"column":23}}},"fnMap":{"0":{"name":"(anonymous_0)","decl":{"start":{"line":8,"column":15},"end":{"line":8,"column":16}},"loc":{"start":{"line":9,"column":0},"end":{"line":44,"column":1}},"line":9},"1":{"name":"(anonymous_1)","decl":{"start":{"line":51,"column":28},"end":{"line":51,"column":29}},"loc":{"start":{"line":51,"column":40},"end":{"line":62,"column":1}},"line":51},"2":{"name":"(anonymous_2)","decl":{"start":{"line":64,"column":30},"end":{"line":64,"column":31}},"loc":{"start":{"line":64,"column":60},"end":{"line":86,"column":1}},"line":64},"3":{"name":"(anonymous_3)","decl":{"start":{"line":79,"column":74},"end":{"line":79,"column":75}},"loc":{"start":{"line":79,"column":83},"end":{"line":81,"column":5}},"line":79},"4":{"name":"(anonymous_4)","decl":{"start":{"line":88,"column":27},"end":{"line":88,"column":28}},"loc":{"start":{"line":88,"column":39},"end":{"line":95,"column":1}},"line":88},"5":{"name":"(anonymous_5)","decl":{"start":{"line":89,"column":73},"end":{"line":89,"column":74}},"loc":{"start":{"line":89,"column":82},"end":{"line":91,"column":3}},"line":89},"6":{"name":"depositaYcomprueba","decl":{"start":{"line":98,"column":15},"end":{"line":98,"column":33}},"loc":{"start":{"line":98,"column":44},"end":{"line":105,"column":1}},"line":98}},"branchMap":{"0":{"loc":{"start":{"line":13,"column":4},"end":{"line":43,"column":5}},"type":"switch","locations":[{"start":{"line":14,"column":8},"end":{"line":17,"column":17}},{"start":{"line":20,"column":8},"end":{"line":27,"column":17}},{"start":{"line":29,"column":8},"end":{"line":34,"column":17}},{"start":{"line":36,"column":8},"end":{"line":38,"column":17}},{"start":{"line":40,"column":8},"end":{"line":42,"column":18}}],"line":13},"1":{"loc":{"start":{"line":69,"column":4},"end":{"line":75,"column":5}},"type":"if","locations":[{"start":{"line":69,"column":4},"end":{"line":75,"column":5}},{"start":{"line":72,"column":9},"end":{"line":75,"column":5}}],"line":69},"2":{"loc":{"start":{"line":80,"column":6},"end":{"line":80,"column":25}},"type":"if","locations":[{"start":{"line":80,"column":6},"end":{"line":80,"column":25}},{"start":{},"end":{}}],"line":80},"3":{"loc":{"start":{"line":90,"column":4},"end":{"line":90,"column":23}},"type":"if","locations":[{"start":{"line":90,"column":4},"end":{"line":90,"column":23}},{"start":{},"end":{}}],"line":90}},"s":{"0":1,"1":0,"2":0,"3":0,"4":0,"5":0,"6":0,"7":0,"8":0,"9":0,"10":0,"11":0,"12":0,"13":0,"14":0,"15":1,"16":1,"17":4,"18":4,"19":4,"20":4,"21":4,"22":4,"23":0,"24":1,"25":2,"26":2,"27":2,"28":2,"29":2,"30":1,"31":1,"32":1,"33":1,"34":2,"35":2,"36":2,"37":2,"38":0,"39":0,"40":0,"41":1,"42":3,"43":0,"44":0,"45":3,"46":3,"47":3,"48":0,"49":0},"f":{"0":0,"1":4,"2":2,"3":0,"4":3,"5":0,"6":0},"b":{"0":[0,0,0,0,0],"1":[1,1],"2":[0,0],"3":[0,0]},"_coverageSchema":"1a1c01bbd47fc00a2c39e90264f33305004495a9","hash":"d19ee0ca19bd9181190562bc35be5ed2eea646ee"}
,"/Users/jetza/Documents/Dev/bootcamp/ejercicios/javascript/cajero/hello.js": {"path":"/Users/jetza/Documents/Dev/bootcamp/ejercicios/javascript/cajero/hello.js","statementMap":{"0":{"start":{"line":7,"column":26},"end":{"line":9,"column":1}},"1":{"start":{"line":8,"column":4},"end":{"line":8,"column":25}},"2":{"start":{"line":13,"column":19},"end":{"line":15,"column":1}},"3":{"start":{"line":14,"column":4},"end":{"line":14,"column":17}},"4":{"start":{"line":19,"column":28},"end":{"line":27,"column":1}},"5":{"start":{"line":21,"column":4},"end":{"line":23,"column":7}},"6":{"start":{"line":22,"column":8},"end":{"line":22,"column":27}},"7":{"start":{"line":22,"column":17},"end":{"line":22,"column":27}},"8":{"start":{"line":32,"column":27},"end":{"line":40,"column":1}},"9":{"start":{"line":33,"column":4},"end":{"line":39,"column":5}},"10":{"start":{"line":34,"column":19},"end":{"line":34,"column":53}},"11":{"start":{"line":36,"column":6},"end":{"line":36,"column":18}},"12":{"start":{"line":38,"column":6},"end":{"line":38,"column":52}},"13":{"start":{"line":54,"column":31},"end":{"line":70,"column":1}},"14":{"start":{"line":56,"column":15},"end":{"line":56,"column":37}},"15":{"start":{"line":59,"column":14},"end":{"line":59,"column":40}},"16":{"start":{"line":61,"column":4},"end":{"line":69,"column":5}},"17":{"start":{"line":63,"column":19},"end":{"line":65,"column":10}},"18":{"start":{"line":64,"column":12},"end":{"line":64,"column":31}},"19":{"start":{"line":64,"column":21},"end":{"line":64,"column":31}},"20":{"start":{"line":68,"column":8},"end":{"line":68,"column":36}},"21":{"start":{"line":72,"column":29},"end":{"line":80,"column":1}},"22":{"start":{"line":73,"column":4},"end":{"line":78,"column":5}},"23":{"start":{"line":74,"column":23},"end":{"line":74,"column":47}},"24":{"start":{"line":75,"column":8},"end":{"line":75,"column":28}},"25":{"start":{"line":77,"column":8},"end":{"line":77,"column":27}}},"fnMap":{"0":{"name":"(anonymous_0)","decl":{"start":{"line":7,"column":26},"end":{"line":7,"column":27}},"loc":{"start":{"line":7,"column":32},"end":{"line":9,"column":1}},"line":7},"1":{"name":"(anonymous_1)","decl":{"start":{"line":13,"column":19},"end":{"line":13,"column":20}},"loc":{"start":{"line":13,"column":28},"end":{"line":15,"column":1}},"line":13},"2":{"name":"(anonymous_2)","decl":{"start":{"line":19,"column":28},"end":{"line":19,"column":29}},"loc":{"start":{"line":19,"column":46},"end":{"line":27,"column":1}},"line":19},"3":{"name":"(anonymous_3)","decl":{"start":{"line":21,"column":35},"end":{"line":21,"column":36}},"loc":{"start":{"line":21,"column":50},"end":{"line":23,"column":5}},"line":21},"4":{"name":"(anonymous_4)","decl":{"start":{"line":32,"column":27},"end":{"line":32,"column":28}},"loc":{"start":{"line":32,"column":47},"end":{"line":40,"column":1}},"line":32},"5":{"name":"(anonymous_5)","decl":{"start":{"line":54,"column":31},"end":{"line":54,"column":32}},"loc":{"start":{"line":54,"column":57},"end":{"line":70,"column":1}},"line":54},"6":{"name":"(anonymous_6)","decl":{"start":{"line":63,"column":69},"end":{"line":63,"column":70}},"loc":{"start":{"line":63,"column":78},"end":{"line":65,"column":9}},"line":63},"7":{"name":"(anonymous_7)","decl":{"start":{"line":72,"column":29},"end":{"line":72,"column":30}},"loc":{"start":{"line":72,"column":48},"end":{"line":80,"column":1}},"line":72}},"branchMap":{"0":{"loc":{"start":{"line":22,"column":8},"end":{"line":22,"column":27}},"type":"if","locations":[{"start":{"line":22,"column":8},"end":{"line":22,"column":27}},{"start":{},"end":{}}],"line":22},"1":{"loc":{"start":{"line":61,"column":4},"end":{"line":69,"column":5}},"type":"if","locations":[{"start":{"line":61,"column":4},"end":{"line":69,"column":5}},{"start":{"line":67,"column":11},"end":{"line":69,"column":5}}],"line":61},"2":{"loc":{"start":{"line":64,"column":12},"end":{"line":64,"column":31}},"type":"if","locations":[{"start":{"line":64,"column":12},"end":{"line":64,"column":31}},{"start":{},"end":{}}],"line":64}},"s":{"0":1,"1":1,"2":1,"3":1,"4":1,"5":1,"6":0,"7":0,"8":1,"9":3,"10":3,"11":2,"12":1,"13":1,"14":1,"15":1,"16":1,"17":1,"18":0,"19":0,"20":0,"21":1,"22":1,"23":1,"24":1,"25":0},"f":{"0":1,"1":1,"2":1,"3":0,"4":3,"5":1,"6":0,"7":1},"b":{"0":[0,0],"1":[1,0],"2":[0,0]},"_coverageSchema":"1a1c01bbd47fc00a2c39e90264f33305004495a9","hash":"52f00bbf69e02430156be4ef0424553e2ab11af4"}
}
