TN:
SF:cajero.js
FN:8,(anonymous_0)
FN:51,(anonymous_1)
FN:64,(anonymous_2)
FN:79,(anonymous_3)
FN:88,(anonymous_4)
FN:89,(anonymous_5)
FN:98,depositaYcomprueba
FNF:7
FNH:3
FNDA:0,(anonymous_0)
FNDA:4,(anonymous_1)
FNDA:2,(anonymous_2)
FNDA:0,(anonymous_3)
FNDA:3,(anonymous_4)
FNDA:0,(anonymous_5)
FNDA:0,depositaYcomprueba
DA:8,1
DA:10,0
DA:13,0
DA:16,0
DA:17,0
DA:24,0
DA:25,0
DA:27,0
DA:31,0
DA:32,0
DA:34,0
DA:37,0
DA:38,0
DA:41,0
DA:42,0
DA:49,1
DA:51,1
DA:52,4
DA:53,4
DA:54,4
DA:55,4
DA:57,4
DA:58,4
DA:60,0
DA:64,1
DA:65,2
DA:66,2
DA:67,2
DA:68,2
DA:69,2
DA:70,1
DA:71,1
DA:73,1
DA:74,1
DA:76,2
DA:77,2
DA:78,2
DA:79,2
DA:80,0
DA:84,0
DA:88,1
DA:89,3
DA:90,0
DA:92,3
DA:93,3
DA:94,3
DA:100,0
DA:101,0
LF:48
LH:28
BRDA:13,0,0,0
BRDA:13,0,1,0
BRDA:13,0,2,0
BRDA:13,0,3,0
BRDA:13,0,4,0
BRDA:69,1,0,1
BRDA:69,1,1,1
BRDA:80,2,0,0
BRDA:80,2,1,0
BRDA:90,3,0,0
BRDA:90,3,1,0
BRF:11
BRH:2
end_of_record
TN:
SF:hello.js
FN:7,(anonymous_0)
FN:13,(anonymous_1)
FN:19,(anonymous_2)
FN:21,(anonymous_3)
FN:32,(anonymous_4)
FN:54,(anonymous_5)
FN:63,(anonymous_6)
FN:72,(anonymous_7)
FNF:8
FNH:6
FNDA:1,(anonymous_0)
FNDA:1,(anonymous_1)
FNDA:1,(anonymous_2)
FNDA:0,(anonymous_3)
FNDA:3,(anonymous_4)
FNDA:1,(anonymous_5)
FNDA:0,(anonymous_6)
FNDA:1,(anonymous_7)
DA:7,1
DA:8,1
DA:13,1
DA:14,1
DA:19,1
DA:21,1
DA:22,0
DA:32,1
DA:33,3
DA:34,3
DA:36,2
DA:38,1
DA:54,1
DA:56,1
DA:59,1
DA:61,1
DA:63,1
DA:64,0
DA:68,0
DA:72,1
DA:73,1
DA:74,1
DA:75,1
DA:77,0
LF:24
LH:20
BRDA:22,0,0,0
BRDA:22,0,1,0
BRDA:61,1,0,1
BRDA:61,1,1,0
BRDA:64,2,0,0
BRDA:64,2,1,0
BRF:6
BRH:1
end_of_record
